# JRE version: OpenJDK Runtime Environment (8.0_242-b01) (build 1.8.0_242-release-1644-b01)
# Java VM: OpenJDK 64-Bit Server VM (25.242-b01 mixed mode windows-amd64 compressed oops)
Heap:
 PSYoungGen      total 577024K, used 405633K [0x00000000d5580000, 0x0000000100000000, 0x0000000100000000)
  eden space 553984K, 72% used [0x00000000d5580000,0x00000000edf95590,0x00000000f7280000)
  from space 23040K, 9% used [0x00000000f7280000,0x00000000f748b1c0,0x00000000f8900000)
  to   space 23552K, 0% used [0x00000000fe900000,0x00000000fe900000,0x0000000100000000)
 ParOldGen       total 71168K, used 70994K [0x0000000080000000, 0x0000000084580000, 0x00000000d5580000)
  object space 71168K, 99% used [0x0000000080000000,0x0000000084554b58,0x0000000084580000)
 Metaspace       used 81417K, capacity 85048K, committed 85632K, reserved 1124352K
  class space    used 10768K, capacity 11505K, committed 11648K, reserved 1048576K
GC Heap History (10 events):
Event: 408.955 GC heap before
{Heap before GC invocations=23 (full 2):
 PSYoungGen      total 434688K, used 15378K [0x00000000d5580000, 0x00000000f0e00000, 0x0000000100000000)
  eden space 423936K, 1% used [0x00000000d5580000,0x00000000d5c6b478,0x00000000ef380000)
  from space 10752K, 77% used [0x00000000eff00000,0x00000000f07194d8,0x00000000f0980000)
  to   space 11776K, 0% used [0x00000000ef380000,0x00000000ef380000,0x00000000eff00000)
 ParOldGen       total 54272K, used 35743K [0x0000000080000000, 0x0000000083500000, 0x00000000d5580000)
  object space 54272K, 65% used [0x0000000080000000,0x00000000822e7e08,0x0000000083500000)
 Metaspace       used 56576K, capacity 58848K, committed 59008K, reserved 1099776K
  class space    used 7286K, capacity 7743K, committed 7808K, reserved 1048576K
Event: 409.516 GC heap after
Heap after GC invocations=23 (full 2):
 PSYoungGen      total 435712K, used 192K [0x00000000d5580000, 0x00000000f9480000, 0x0000000100000000)
  eden space 423936K, 0% used [0x00000000d5580000,0x00000000d5580000,0x00000000ef380000)
  from space 11776K, 1% used [0x00000000ef380000,0x00000000ef3b0000,0x00000000eff00000)
  to   space 11776K, 0% used [0x00000000f8900000,0x00000000f8900000,0x00000000f9480000)
 ParOldGen       total 54272K, used 38392K [0x0000000080000000, 0x0000000083500000, 0x00000000d5580000)
  object space 54272K, 70% used [0x0000000080000000,0x000000008257e200,0x0000000083500000)
 Metaspace       used 56576K, capacity 58848K, committed 59008K, reserved 1099776K
  class space    used 7286K, capacity 7743K, committed 7808K, reserved 1048576K
}
Event: 409.516 GC heap before
{Heap before GC invocations=24 (full 3):
 PSYoungGen      total 435712K, used 192K [0x00000000d5580000, 0x00000000f9480000, 0x0000000100000000)
  eden space 423936K, 0% used [0x00000000d5580000,0x00000000d5580000,0x00000000ef380000)
  from space 11776K, 1% used [0x00000000ef380000,0x00000000ef3b0000,0x00000000eff00000)
  to   space 11776K, 0% used [0x00000000f8900000,0x00000000f8900000,0x00000000f9480000)
 ParOldGen       total 54272K, used 38392K [0x0000000080000000, 0x0000000083500000, 0x00000000d5580000)
  object space 54272K, 70% used [0x0000000080000000,0x000000008257e200,0x0000000083500000)
 Metaspace       used 56576K, capacity 58848K, committed 59008K, reserved 1099776K
  class space    used 7286K, capacity 7743K, committed 7808K, reserved 1048576K
Event: 417.519 GC heap after
Heap after GC invocations=24 (full 3):
 PSYoungGen      total 435712K, used 0K [0x00000000d5580000, 0x00000000f9480000, 0x0000000100000000)
  eden space 423936K, 0% used [0x00000000d5580000,0x00000000d5580000,0x00000000ef380000)
  from space 11776K, 0% used [0x00000000ef380000,0x00000000ef380000,0x00000000eff00000)
  to   space 11776K, 0% used [0x00000000f8900000,0x00000000f8900000,0x00000000f9480000)
 ParOldGen       total 71168K, used 26207K [0x0000000080000000, 0x0000000084580000, 0x00000000d5580000)
  object space 71168K, 36% used [0x0000000080000000,0x0000000081997d78,0x0000000084580000)
 Metaspace       used 56465K, capacity 58630K, committed 59008K, reserved 1099776K
  class space    used 7253K, capacity 7701K, committed 7808K, reserved 1048576K
}
Event: 567.592 GC heap before
{Heap before GC invocations=25 (full 3):
 PSYoungGen      total 435712K, used 423936K [0x00000000d5580000, 0x00000000f9480000, 0x0000000100000000)
  eden space 423936K, 100% used [0x00000000d5580000,0x00000000ef380000,0x00000000ef380000)
  from space 11776K, 0% used [0x00000000ef380000,0x00000000ef380000,0x00000000eff00000)
  to   space 11776K, 0% used [0x00000000f8900000,0x00000000f8900000,0x00000000f9480000)
 ParOldGen       total 71168K, used 26207K [0x0000000080000000, 0x0000000084580000, 0x00000000d5580000)
  object space 71168K, 36% used [0x0000000080000000,0x0000000081997d78,0x0000000084580000)
 Metaspace       used 77483K, capacity 80686K, committed 81024K, reserved 1120256K
  class space    used 10378K, capacity 11049K, committed 11136K, reserved 1048576K
Event: 584.298 GC heap after
Heap after GC invocations=25 (full 3):
 PSYoungGen      total 565760K, used 11776K [0x00000000d5580000, 0x00000000fa700000, 0x0000000100000000)
  eden space 553984K, 0% used [0x00000000d5580000,0x00000000d5580000,0x00000000f7280000)
  from space 11776K, 100% used [0x00000000f8900000,0x00000000f9480000,0x00000000f9480000)
  to   space 23040K, 0% used [0x00000000f7280000,0x00000000f7280000,0x00000000f8900000)
 ParOldGen       total 71168K, used 51578K [0x0000000080000000, 0x0000000084580000, 0x00000000d5580000)
  object space 71168K, 72% used [0x0000000080000000,0x000000008325e868,0x0000000084580000)
 Metaspace       used 77483K, capacity 80686K, committed 81024K, reserved 1120256K
  class space    used 10378K, capacity 11049K, committed 11136K, reserved 1048576K
}
Event: 715.579 GC heap before
{Heap before GC invocations=26 (full 3):
 PSYoungGen      total 565760K, used 565760K [0x00000000d5580000, 0x00000000fa700000, 0x0000000100000000)
  eden space 553984K, 100% used [0x00000000d5580000,0x00000000f7280000,0x00000000f7280000)
  from space 11776K, 100% used [0x00000000f8900000,0x00000000f9480000,0x00000000f9480000)
  to   space 23040K, 0% used [0x00000000f7280000,0x00000000f7280000,0x00000000f8900000)
 ParOldGen       total 71168K, used 51578K [0x0000000080000000, 0x0000000084580000, 0x00000000d5580000)
  object space 71168K, 72% used [0x0000000080000000,0x000000008325e868,0x0000000084580000)
 Metaspace       used 80438K, capacity 84546K, committed 84864K, reserved 1122304K
  class space    used 10743K, capacity 11540K, committed 11648K, reserved 1048576K
Event: 721.395 GC heap after
Heap after GC invocations=26 (full 3):
 PSYoungGen      total 577024K, used 12415K [0x00000000d5580000, 0x0000000100000000, 0x0000000100000000)
  eden space 553984K, 0% used [0x00000000d5580000,0x00000000d5580000,0x00000000f7280000)
  from space 23040K, 53% used [0x00000000f7280000,0x00000000f7e9fc70,0x00000000f8900000)
  to   space 23552K, 0% used [0x00000000fe900000,0x00000000fe900000,0x0000000100000000)
 ParOldGen       total 71168K, used 63398K [0x0000000080000000, 0x0000000084580000, 0x00000000d5580000)
  object space 71168K, 89% used [0x0000000080000000,0x0000000083de9be8,0x0000000084580000)
 Metaspace       used 80438K, capacity 84546K, committed 84864K, reserved 1122304K
  class space    used 10743K, capacity 11540K, committed 11648K, reserved 1048576K
}
Event: 721.405 GC heap before
{Heap before GC invocations=27 (full 4):
 PSYoungGen      total 577024K, used 12415K [0x00000000d5580000, 0x0000000100000000, 0x0000000100000000)
  eden space 553984K, 0% used [0x00000000d5580000,0x00000000d5580000,0x00000000f7280000)
  from space 23040K, 53% used [0x00000000f7280000,0x00000000f7e9fc70,0x00000000f8900000)
  to   space 23552K, 0% used [0x00000000fe900000,0x00000000fe900000,0x0000000100000000)
 ParOldGen       total 71168K, used 63398K [0x0000000080000000, 0x0000000084580000, 0x00000000d5580000)
  object space 71168K, 89% used [0x0000000080000000,0x0000000083de9be8,0x0000000084580000)
 Metaspace       used 80438K, capacity 84546K, committed 84864K, reserved 1122304K
  class space    used 10743K, capacity 11540K, committed 11648K, reserved 1048576K
Event: 759.236 GC heap after
Heap after GC invocations=27 (full 4):
 PSYoungGen      total 577024K, used 2092K [0x00000000d5580000, 0x0000000100000000, 0x0000000100000000)
  eden space 553984K, 0% used [0x00000000d5580000,0x00000000d5580000,0x00000000f7280000)
  from space 23040K, 9% used [0x00000000f7280000,0x00000000f748b1c0,0x00000000f8900000)
  to   space 23552K, 0% used [0x00000000fe900000,0x00000000fe900000,0x0000000100000000)
 ParOldGen       total 71168K, used 70994K [0x0000000080000000, 0x0000000084580000, 0x00000000d5580000)
  object space 71168K, 99% used [0x0000000080000000,0x0000000084554b58,0x0000000084580000)
 Metaspace       used 80161K, capacity 83720K, committed 84864K, reserved 1122304K
  class space    used 10653K, capacity 11355K, committed 11648K, reserved 1048576K
}

